Using pre-set license
Built from '2020.3/staging' branch; Version is '2020.3.22f1 (e1a7f79fd887) revision 14788599'; Using compiler version '192528614'; Build Type 'Release'
OS: 'Windows 10 Pro; OS build 19042.1348; Version 2009; 64bit' Language: 'es' Physical Memory: 8151 MB
BatchMode: 1, IsHumanControllingUs: 0, StartBugReporterOnCrash: 0, Is64bit: 1, IsPro: 0

COMMAND LINE ARGUMENTS:
D:\versiones unity\2020.3.22f1\Editor\Unity.exe
-adb2
-batchMode
-noUpm
-name
AssetImportWorker0
-projectPath
C:/Users/Jose Gi/Desktop/GitHub/FrutitasJAM/FrutitasJamUbity
-logFile
Logs/AssetImportWorker0.log
-srvPort
1104
Successfully changed project path to: C:/Users/Jose Gi/Desktop/GitHub/FrutitasJAM/FrutitasJamUbity
C:/Users/Jose Gi/Desktop/GitHub/FrutitasJAM/FrutitasJamUbity
Using Asset Import Pipeline V2.
Refreshing native plugins compatible for Editor in 165.28 ms, found 3 plugins.
Preloading 0 native plugins for Editor in 0.00 ms.
Initialize engine version: 2020.3.22f1 (e1a7f79fd887)
[Subsystems] Discovering subsystems at path D:/versiones unity/2020.3.22f1/Editor/Data/Resources/UnitySubsystems
[Subsystems] Discovering subsystems at path C:/Users/Jose Gi/Desktop/GitHub/FrutitasJAM/FrutitasJamUbity/Assets
GfxDevice: creating device client; threaded=0
Direct3D:
    Version:  Direct3D 11.0 [level 11.0]
    Renderer: AMD Radeon HD 7600M Series (ID=0x6840)
    Vendor:   
    VRAM:     2028 MB
    Driver:   15.301.1901.0
Initialize mono
Mono path[0] = 'D:/versiones unity/2020.3.22f1/Editor/Data/Managed'
Mono path[1] = 'D:/versiones unity/2020.3.22f1/Editor/Data/MonoBleedingEdge/lib/mono/unityjit'
Mono config path = 'D:/versiones unity/2020.3.22f1/Editor/Data/MonoBleedingEdge/etc'
Using monoOptions --debugger-agent=transport=dt_socket,embedding=1,server=y,suspend=n,address=127.0.0.1:56452
Begin MonoManager ReloadAssembly
Registering precompiled unity dll's ...
Register platform support module: D:/versiones unity/2020.3.22f1/Editor/Data/PlaybackEngines/WindowsStandaloneSupport/UnityEditor.WindowsStandalone.Extensions.dll
Registered in 0.001510 seconds.
Native extension for WindowsStandalone target not found
Refreshing native plugins compatible for Editor in 65.19 ms, found 3 plugins.
Preloading 0 native plugins for Editor in 0.00 ms.
Mono: successfully reloaded assembly
- Completed reload, in  1.418 seconds
Domain Reload Profiling:
	ReloadAssembly (1418ms)
		BeginReloadAssembly (76ms)
			ExecutionOrderSort (0ms)
			DisableScriptedObjects (0ms)
			BackupInstance (0ms)
			ReleaseScriptingObjects (0ms)
			CreateAndSetChildDomain (1ms)
		EndReloadAssembly (612ms)
			LoadAssemblies (74ms)
			RebuildTransferFunctionScriptingTraits (0ms)
			SetupTypeCache (206ms)
			ReleaseScriptCaches (0ms)
			RebuildScriptCaches (44ms)
			SetupLoadedEditorAssemblies (239ms)
				LogAssemblyErrors (0ms)
				InitializePlatformSupportModulesInManaged (5ms)
				SetLoadedEditorAssemblies (0ms)
				RefreshPlugins (65ms)
				BeforeProcessingInitializeOnLoad (13ms)
				ProcessInitializeOnLoadAttributes (115ms)
				ProcessInitializeOnLoadMethodAttributes (40ms)
				AfterProcessingInitializeOnLoad (0ms)
				EditorAssembliesLoaded (0ms)
			ExecutionOrderSort2 (0ms)
			AwakeInstancesAfterBackupRestoration (0ms)
Platform modules already initialized, skipping
Registering precompiled user dll's ...
Registered in 0.005501 seconds.
Begin MonoManager ReloadAssembly
Native extension for WindowsStandalone target not found
Refreshing native plugins compatible for Editor in 63.53 ms, found 3 plugins.
Preloading 0 native plugins for Editor in 0.00 ms.
Mono: successfully reloaded assembly
- Completed reload, in  1.601 seconds
Domain Reload Profiling:
	ReloadAssembly (1603ms)
		BeginReloadAssembly (198ms)
			ExecutionOrderSort (0ms)
			DisableScriptedObjects (7ms)
			BackupInstance (0ms)
			ReleaseScriptingObjects (0ms)
			CreateAndSetChildDomain (23ms)
		EndReloadAssembly (1325ms)
			LoadAssemblies (122ms)
			RebuildTransferFunctionScriptingTraits (0ms)
			SetupTypeCache (419ms)
			ReleaseScriptCaches (1ms)
			RebuildScriptCaches (71ms)
			SetupLoadedEditorAssemblies (537ms)
				LogAssemblyErrors (0ms)
				InitializePlatformSupportModulesInManaged (5ms)
				SetLoadedEditorAssemblies (0ms)
				RefreshPlugins (64ms)
				BeforeProcessingInitializeOnLoad (133ms)
				ProcessInitializeOnLoadAttributes (306ms)
				ProcessInitializeOnLoadMethodAttributes (24ms)
				AfterProcessingInitializeOnLoad (4ms)
				EditorAssembliesLoaded (0ms)
			ExecutionOrderSort2 (0ms)
			AwakeInstancesAfterBackupRestoration (10ms)
Platform modules already initialized, skipping
========================================================================
Worker process is ready to serve import requests
Launched and connected shader compiler UnityShaderCompiler.exe after 0.08 seconds
Refreshing native plugins compatible for Editor in 0.62 ms, found 3 plugins.
Preloading 0 native plugins for Editor in 0.00 ms.
Unloading 2182 Unused Serialized files (Serialized files now loaded: 0)
System memory in use before: 95.4 MB.
System memory in use after: 95.5 MB.

Unloading 28 unused Assets to reduce memory usage. Loaded Objects now: 2615.
Total: 5.038200 ms (FindLiveObjects: 0.312900 ms CreateObjectMapping: 0.214900 ms MarkObjects: 4.412100 ms  DeleteObjects: 0.096800 ms)

AssetImportParameters requested are different than current active one (requested -> active):
  custom:framework-win-MediaFoundation: 216162199b28c13a410421893ffa2e32 -> 
  custom:video-decoder-ogg-theora: a1e56fd34408186e4bbccfd4996cb3dc -> 
  custom:container-muxer-webm: aa71ff27fc2769a1b78a27578f13a17b -> 
  custom:container-demuxer-webm: 4f35f7cbe854078d1ac9338744f61a02 -> 
  custom:container-demuxer-ogg: 62fdf1f143b41e24485cea50d1cbac27 -> 
  custom:video-encoder-webm-vp8: eb34c28f22e8b96e1ab97ce403110664 -> 
  custom:video-decoder-webm-vp8: 9c59270c3fd7afecdb556c50c9e8de78 -> 
  custom:audio-decoder-ogg-vorbis: bf7c407c2cedff20999df2af8eb42d56 -> 
  custom:audio-encoder-webm-vorbis: bf7c407c2cedff20999df2af8eb42d56 -> 
========================================================================
Received Import Request.
  path: Assets
  artifactKey: Guid(00000000000000001000000000000000) Importer(815301076,1909f56bfc062723c751e8b465ee728b)
Start importing Assets using Guid(00000000000000001000000000000000) Importer(815301076,1909f56bfc062723c751e8b465ee728b)  -> (artifact id: '42d402b061de3733987d63b9cc3b64de') in 0.012452 seconds 
  Import took 0.016833 seconds .

========================================================================
Received Import Request.
  Time since last request: 6.571638 seconds.
  path: Assets/Script
  artifactKey: Guid(22930b0e39daa1a45b3bf09de5b7a66d) Importer(815301076,1909f56bfc062723c751e8b465ee728b)
Start importing Assets/Script using Guid(22930b0e39daa1a45b3bf09de5b7a66d) Importer(815301076,1909f56bfc062723c751e8b465ee728b)  -> (artifact id: 'f7701196fe6a9feada6888071088ec7c') in 0.010726 seconds 
  Import took 0.016576 seconds .

========================================================================
Received Prepare
Registering precompiled user dll's ...
Registered in 0.005806 seconds.
Begin MonoManager ReloadAssembly
Native extension for WindowsStandalone target not found
Refreshing native plugins compatible for Editor in 0.67 ms, found 3 plugins.
Preloading 0 native plugins for Editor in 0.00 ms.
Mono: successfully reloaded assembly
- Completed reload, in  1.459 seconds
Domain Reload Profiling:
	ReloadAssembly (1459ms)
		BeginReloadAssembly (169ms)
			ExecutionOrderSort (0ms)
			DisableScriptedObjects (9ms)
			BackupInstance (0ms)
			ReleaseScriptingObjects (0ms)
			CreateAndSetChildDomain (47ms)
		EndReloadAssembly (1208ms)
			LoadAssemblies (139ms)
			RebuildTransferFunctionScriptingTraits (0ms)
			SetupTypeCache (433ms)
			ReleaseScriptCaches (1ms)
			RebuildScriptCaches (63ms)
			SetupLoadedEditorAssemblies (426ms)
				LogAssemblyErrors (0ms)
				InitializePlatformSupportModulesInManaged (7ms)
				SetLoadedEditorAssemblies (1ms)
				RefreshPlugins (1ms)
				BeforeProcessingInitializeOnLoad (94ms)
				ProcessInitializeOnLoadAttributes (304ms)
				ProcessInitializeOnLoadMethodAttributes (16ms)
				AfterProcessingInitializeOnLoad (4ms)
				EditorAssembliesLoaded (0ms)
			ExecutionOrderSort2 (0ms)
			AwakeInstancesAfterBackupRestoration (15ms)
Platform modules already initialized, skipping
Refreshing native plugins compatible for Editor in 0.65 ms, found 3 plugins.
Preloading 0 native plugins for Editor in 0.00 ms.
Unloading 2177 Unused Serialized files (Serialized files now loaded: 0)
System memory in use before: 94.9 MB.
System memory in use after: 95.0 MB.

Unloading 17 unused Assets to reduce memory usage. Loaded Objects now: 2623.
Total: 4.802800 ms (FindLiveObjects: 0.303300 ms CreateObjectMapping: 0.194200 ms MarkObjects: 4.274900 ms  DeleteObjects: 0.028600 ms)

AssetImportParameters requested are different than current active one (requested -> active):
  custom:framework-win-MediaFoundation: 216162199b28c13a410421893ffa2e32 -> 
  custom:video-decoder-ogg-theora: a1e56fd34408186e4bbccfd4996cb3dc -> 
  custom:container-muxer-webm: aa71ff27fc2769a1b78a27578f13a17b -> 
  custom:container-demuxer-webm: 4f35f7cbe854078d1ac9338744f61a02 -> 
  custom:container-demuxer-ogg: 62fdf1f143b41e24485cea50d1cbac27 -> 
  custom:video-encoder-webm-vp8: eb34c28f22e8b96e1ab97ce403110664 -> 
  custom:video-decoder-webm-vp8: 9c59270c3fd7afecdb556c50c9e8de78 -> 
  custom:audio-decoder-ogg-vorbis: bf7c407c2cedff20999df2af8eb42d56 -> 
  custom:audio-encoder-webm-vorbis: bf7c407c2cedff20999df2af8eb42d56 -> 
========================================================================
Received Import Request.
  Time since last request: 34.623112 seconds.
  path: Assets/Script/SettingsSaving.cs
  artifactKey: Guid(d7cc3cd100af49e40994b455006cbb53) Importer(815301076,1909f56bfc062723c751e8b465ee728b)
Start importing Assets/Script/SettingsSaving.cs using Guid(d7cc3cd100af49e40994b455006cbb53) Importer(815301076,1909f56bfc062723c751e8b465ee728b)  -> (artifact id: 'a901b69f6766ec31cb86a77b99f56701') in 0.101360 seconds 
  Import took 0.108480 seconds .

========================================================================
Received Import Request.
  Time since last request: 56.625487 seconds.
  path: Assets/Script/SettingsSaving.cs
  artifactKey: Guid(d7cc3cd100af49e40994b455006cbb53) Importer(815301076,1909f56bfc062723c751e8b465ee728b)
Start importing Assets/Script/SettingsSaving.cs using Guid(d7cc3cd100af49e40994b455006cbb53) Importer(815301076,1909f56bfc062723c751e8b465ee728b)  -> (artifact id: 'e5ae0ff8e55ee346c584ef7867e9fa3a') in 0.004458 seconds 
  Import took 0.009706 seconds .

========================================================================
Received Import Request.
  Time since last request: 2.821762 seconds.
  path: Assets/Script/WinCondition.cs
  artifactKey: Guid(79a477b7a11ea8a4ca3c0c05abe2f651) Importer(815301076,1909f56bfc062723c751e8b465ee728b)
Start importing Assets/Script/WinCondition.cs using Guid(79a477b7a11ea8a4ca3c0c05abe2f651) Importer(815301076,1909f56bfc062723c751e8b465ee728b)  -> (artifact id: '27407beab5c0803db704a6a69232cfcc') in 0.009856 seconds 
  Import took 0.014998 seconds .

========================================================================
Received Prepare
Registering precompiled user dll's ...
Registered in 0.005920 seconds.
Begin MonoManager ReloadAssembly
Native extension for WindowsStandalone target not found
Refreshing native plugins compatible for Editor in 0.64 ms, found 3 plugins.
Preloading 0 native plugins for Editor in 0.00 ms.
Mono: successfully reloaded assembly
- Completed reload, in  1.449 seconds
Domain Reload Profiling:
	ReloadAssembly (1449ms)
		BeginReloadAssembly (168ms)
			ExecutionOrderSort (0ms)
			DisableScriptedObjects (9ms)
			BackupInstance (0ms)
			ReleaseScriptingObjects (0ms)
			CreateAndSetChildDomain (50ms)
		EndReloadAssembly (1201ms)
			LoadAssemblies (123ms)
			RebuildTransferFunctionScriptingTraits (0ms)
			SetupTypeCache (408ms)
			ReleaseScriptCaches (2ms)
			RebuildScriptCaches (90ms)
			SetupLoadedEditorAssemblies (424ms)
				LogAssemblyErrors (0ms)
				InitializePlatformSupportModulesInManaged (7ms)
				SetLoadedEditorAssemblies (1ms)
				RefreshPlugins (1ms)
				BeforeProcessingInitializeOnLoad (86ms)
				ProcessInitializeOnLoadAttributes (311ms)
				ProcessInitializeOnLoadMethodAttributes (15ms)
				AfterProcessingInitializeOnLoad (4ms)
				EditorAssembliesLoaded (0ms)
			ExecutionOrderSort2 (0ms)
			AwakeInstancesAfterBackupRestoration (13ms)
Platform modules already initialized, skipping
Refreshing native plugins compatible for Editor in 0.62 ms, found 3 plugins.
Preloading 0 native plugins for Editor in 0.00 ms.
Unloading 2176 Unused Serialized files (Serialized files now loaded: 0)
System memory in use before: 94.9 MB.
System memory in use after: 95.0 MB.

Unloading 18 unused Assets to reduce memory usage. Loaded Objects now: 2624.
Total: 4.196000 ms (FindLiveObjects: 0.225100 ms CreateObjectMapping: 0.098400 ms MarkObjects: 3.839800 ms  DeleteObjects: 0.031000 ms)

AssetImportParameters requested are different than current active one (requested -> active):
  custom:framework-win-MediaFoundation: 216162199b28c13a410421893ffa2e32 -> 
  custom:video-decoder-ogg-theora: a1e56fd34408186e4bbccfd4996cb3dc -> 
  custom:container-muxer-webm: aa71ff27fc2769a1b78a27578f13a17b -> 
  custom:container-demuxer-webm: 4f35f7cbe854078d1ac9338744f61a02 -> 
  custom:container-demuxer-ogg: 62fdf1f143b41e24485cea50d1cbac27 -> 
  custom:video-encoder-webm-vp8: eb34c28f22e8b96e1ab97ce403110664 -> 
  custom:video-decoder-webm-vp8: 9c59270c3fd7afecdb556c50c9e8de78 -> 
  custom:audio-decoder-ogg-vorbis: bf7c407c2cedff20999df2af8eb42d56 -> 
  custom:audio-encoder-webm-vorbis: bf7c407c2cedff20999df2af8eb42d56 -> 
========================================================================
Received Import Request.
  Time since last request: 23.294983 seconds.
  path: Assets/Script/SettingControl.cs
  artifactKey: Guid(80003f0069b8a7a40a23cca39ef9da1f) Importer(815301076,1909f56bfc062723c751e8b465ee728b)
Start importing Assets/Script/SettingControl.cs using Guid(80003f0069b8a7a40a23cca39ef9da1f) Importer(815301076,1909f56bfc062723c751e8b465ee728b)  -> (artifact id: 'bb580ec30bf96b261d61ae463da8460c') in 0.015159 seconds 
  Import took 0.019812 seconds .

========================================================================
Received Import Request.
  Time since last request: 12.194074 seconds.
  path: Assets/Script/MenuControl.cs
  artifactKey: Guid(459457253466e864ba171b9da37bb177) Importer(815301076,1909f56bfc062723c751e8b465ee728b)
Start importing Assets/Script/MenuControl.cs using Guid(459457253466e864ba171b9da37bb177) Importer(815301076,1909f56bfc062723c751e8b465ee728b)  -> (artifact id: 'f961a08d0fc3575992908eaaa5bb13f1') in 0.012912 seconds 
  Import took 0.018657 seconds .

========================================================================
Received Prepare
Registering precompiled user dll's ...
Registered in 0.006038 seconds.
Begin MonoManager ReloadAssembly
Native extension for WindowsStandalone target not found
Refreshing native plugins compatible for Editor in 1.88 ms, found 3 plugins.
Preloading 0 native plugins for Editor in 0.00 ms.
Mono: successfully reloaded assembly
- Completed reload, in  1.535 seconds
Domain Reload Profiling:
	ReloadAssembly (1536ms)
		BeginReloadAssembly (206ms)
			ExecutionOrderSort (0ms)
			DisableScriptedObjects (10ms)
			BackupInstance (0ms)
			ReleaseScriptingObjects (0ms)
			CreateAndSetChildDomain (58ms)
		EndReloadAssembly (1239ms)
			LoadAssemblies (164ms)
			RebuildTransferFunctionScriptingTraits (0ms)
			SetupTypeCache (435ms)
			ReleaseScriptCaches (1ms)
			RebuildScriptCaches (63ms)
			SetupLoadedEditorAssemblies (472ms)
				LogAssemblyErrors (0ms)
				InitializePlatformSupportModulesInManaged (11ms)
				SetLoadedEditorAssemblies (2ms)
				RefreshPlugins (2ms)
				BeforeProcessingInitializeOnLoad (119ms)
				ProcessInitializeOnLoadAttributes (319ms)
				ProcessInitializeOnLoadMethodAttributes (15ms)
				AfterProcessingInitializeOnLoad (4ms)
				EditorAssembliesLoaded (0ms)
			ExecutionOrderSort2 (0ms)
			AwakeInstancesAfterBackupRestoration (12ms)
Platform modules already initialized, skipping
Refreshing native plugins compatible for Editor in 0.69 ms, found 3 plugins.
Preloading 0 native plugins for Editor in 0.00 ms.
Unloading 2176 Unused Serialized files (Serialized files now loaded: 0)
System memory in use before: 94.9 MB.
System memory in use after: 95.1 MB.

Unloading 17 unused Assets to reduce memory usage. Loaded Objects now: 2626.
Total: 4.593900 ms (FindLiveObjects: 0.300400 ms CreateObjectMapping: 0.213800 ms MarkObjects: 4.049300 ms  DeleteObjects: 0.028800 ms)

AssetImportParameters requested are different than current active one (requested -> active):
  custom:framework-win-MediaFoundation: 216162199b28c13a410421893ffa2e32 -> 
  custom:video-decoder-ogg-theora: a1e56fd34408186e4bbccfd4996cb3dc -> 
  custom:container-muxer-webm: aa71ff27fc2769a1b78a27578f13a17b -> 
  custom:container-demuxer-webm: 4f35f7cbe854078d1ac9338744f61a02 -> 
  custom:container-demuxer-ogg: 62fdf1f143b41e24485cea50d1cbac27 -> 
  custom:video-encoder-webm-vp8: eb34c28f22e8b96e1ab97ce403110664 -> 
  custom:video-decoder-webm-vp8: 9c59270c3fd7afecdb556c50c9e8de78 -> 
  custom:audio-decoder-ogg-vorbis: bf7c407c2cedff20999df2af8eb42d56 -> 
  custom:audio-encoder-webm-vorbis: bf7c407c2cedff20999df2af8eb42d56 -> 
========================================================================
Received Import Request.
  Time since last request: 966.462804 seconds.
  path: Assets/Scenes
  artifactKey: Guid(700300e0423f44a4285544928a6f3011) Importer(815301076,1909f56bfc062723c751e8b465ee728b)
Start importing Assets/Scenes using Guid(700300e0423f44a4285544928a6f3011) Importer(815301076,1909f56bfc062723c751e8b465ee728b)  -> (artifact id: '0a80aef7accd299eedbc80db646472e2') in 0.018993 seconds 
  Import took 0.025058 seconds .

========================================================================
Received Import Request.
  Time since last request: 11.701173 seconds.
  path: Assets/Scenes/Menu.unity
  artifactKey: Guid(342592ac9dd445c42817b983f1f43920) Importer(815301076,1909f56bfc062723c751e8b465ee728b)
Start importing Assets/Scenes/Menu.unity using Guid(342592ac9dd445c42817b983f1f43920) Importer(815301076,1909f56bfc062723c751e8b465ee728b)  -> (artifact id: '486f3903ede2d7dbd495821a3d4d89b8') in 0.038492 seconds 
  Import took 0.043416 seconds .

========================================================================
Received Import Request.
  Time since last request: 431.088331 seconds.
  path: Assets/Fonts
  artifactKey: Guid(fe18f1577ab555b4e9fba198f2af6114) Importer(815301076,1909f56bfc062723c751e8b465ee728b)
Start importing Assets/Fonts using Guid(fe18f1577ab555b4e9fba198f2af6114) Importer(815301076,1909f56bfc062723c751e8b465ee728b)  -> (artifact id: '6acd8c499fdb836ff3c49342a77dfc91') in 0.026414 seconds 
  Import took 0.033273 seconds .

========================================================================
Received Import Request.
  Time since last request: 46.239872 seconds.
  path: Assets/Fonts/PatrickHand-Regular.ttf
  artifactKey: Guid(181b1889bc5d6b84cb4d7d3b0096d082) Importer(815301076,1909f56bfc062723c751e8b465ee728b)
Start importing Assets/Fonts/PatrickHand-Regular.ttf using Guid(181b1889bc5d6b84cb4d7d3b0096d082) Importer(815301076,1909f56bfc062723c751e8b465ee728b)  -> (artifact id: 'c88db7af11dee53000a1daaaaadae7bd') in 0.639815 seconds 
  Import took 0.648645 seconds .

========================================================================
Received Import Request.
  Time since last request: 9.659871 seconds.
  path: Assets/Fonts/PatrickHand-Regular SDF.asset
  artifactKey: Guid(36a4d2c8375a9bc47b271f45c62fcb02) Importer(815301076,1909f56bfc062723c751e8b465ee728b)
Start importing Assets/Fonts/PatrickHand-Regular SDF.asset using Guid(36a4d2c8375a9bc47b271f45c62fcb02) Importer(815301076,1909f56bfc062723c751e8b465ee728b) UnassignedReferenceException: The variable material of TMP_FontAsset has not been assigned.
You probably need to assign the material variable of the TMP_FontAsset script in the inspector.
  at (wrapper managed-to-native) UnityEngine.Material.HasProperty(UnityEngine.Material,int)
  at TMPro.TMP_FontAsset.ReadFontAssetDefinition () [0x0008f] in C:\Users\Jose Gi\Desktop\GitHub\FrutitasJAM\FrutitasJamUbity\Library\PackageCache\com.unity.textmeshpro@3.0.6\Scripts\Runtime\TMP_FontAsset.cs:588 
  at TMPro.TMP_FontAsset.OnValidate () [0x00010] in C:\Users\Jose Gi\Desktop\GitHub\FrutitasJAM\FrutitasJamUbity\Library\PackageCache\com.unity.textmeshpro@3.0.6\Scripts\Runtime\TMP_FontAsset.cs:555 

(Filename: Library/PackageCache/com.unity.textmeshpro@3.0.6/Scripts/Runtime/TMP_FontAsset.cs Line: 588)

 -> (artifact id: '3c97cc738556f824d8077f96d1448abb') in 0.102889 seconds 
  Import took 0.111591 seconds .

========================================================================
Received Import Request.
  Time since last request: 90.877798 seconds.
  path: Assets/Fonts/PatrickHand-Regular SDF.asset
  artifactKey: Guid(36a4d2c8375a9bc47b271f45c62fcb02) Importer(815301076,1909f56bfc062723c751e8b465ee728b)
Start importing Assets/Fonts/PatrickHand-Regular SDF.asset using Guid(36a4d2c8375a9bc47b271f45c62fcb02) Importer(815301076,1909f56bfc062723c751e8b465ee728b)  -> (artifact id: 'c4bfffc853df5fbf552dabc61ed93227') in 0.047789 seconds 
  Import took 0.056969 seconds .

========================================================================
Received Import Request.
  Time since last request: 464.107610 seconds.
  path: Assets/Fonts/PatrickHand-Regular SDF 1.asset
  artifactKey: Guid(5246d9fa3dc581743aab36317cb3e405) Importer(815301076,1909f56bfc062723c751e8b465ee728b)
Start importing Assets/Fonts/PatrickHand-Regular SDF 1.asset using Guid(5246d9fa3dc581743aab36317cb3e405) Importer(815301076,1909f56bfc062723c751e8b465ee728b) Shader 'TextMeshPro/Distance Field': fallback shader 'TextMeshPro/Mobile/Distance Field' not found
 -> (artifact id: '9cadc5baf3c452575b253aab929fefd0') in 0.063831 seconds 
  Import took 0.072305 seconds .

========================================================================
Received Import Request.
  Time since last request: 334.297248 seconds.
  path: Assets/Scenes/Juego.unity
  artifactKey: Guid(dc4c5ab234423c944a77c54309a636d0) Importer(815301076,1909f56bfc062723c751e8b465ee728b)
Start importing Assets/Scenes/Juego.unity using Guid(dc4c5ab234423c944a77c54309a636d0) Importer(815301076,1909f56bfc062723c751e8b465ee728b)  -> (artifact id: 'f82e73572939a3d82c723e3549b3a82b') in 0.011791 seconds 
  Import took 0.017849 seconds .

========================================================================
Received Import Request.
  Time since last request: 15.348146 seconds.
  path: Assets/Scenes/Menu.unity
  artifactKey: Guid(342592ac9dd445c42817b983f1f43920) Importer(815301076,1909f56bfc062723c751e8b465ee728b)
Start importing Assets/Scenes/Menu.unity using Guid(342592ac9dd445c42817b983f1f43920) Importer(815301076,1909f56bfc062723c751e8b465ee728b)  -> (artifact id: 'cabe745008213ff1413bf915c87c6338') in 0.006513 seconds 
  Import took 0.014075 seconds .

AssetImportWorkerClient::OnTransportError - code=2 error=End of file
